<?xml version="1.0" encoding="UTF-8"?>
<!-- Generated by org.testng.reporters.JUnitXMLReporter -->
<testsuite ignored="0" hostname="Khushals-Laptop.local" failures="1" tests="2" name="Test" time="8.312" errors="0" timestamp="2025-04-29T11:34:29 IST">
  <testcase classname="tests.selenium.TC003_CreateIncidentUsingRestAndVerifyUsingSelenium" name="createIncident" time="1.981">
    <failure type="java.lang.RuntimeException">
      <![CDATA[java.lang.RuntimeException
at lib.utils.HTMLReporter.reportRequest(HTMLReporter.java:98)
at lib.rest.RESTAssuredBase.verifyResponseCode(RESTAssuredBase.java:163)
at tests.selenium.TC003_CreateIncidentUsingRestAndVerifyUsingSelenium.createIncident(TC003_CreateIncidentUsingRestAndVerifyUsingSelenium.java:35)
at java.base/java.util.ArrayList.forEach(ArrayList.java:1596)
... Removed 29 stack frames]]>
    </failure>
  </testcase> <!-- createIncident -->
  <testcase classname="tests.selenium.SeleniumTest" name="openGoogleTest" time="2.805"/>
</testsuite> <!-- Test -->
