<?xml version="1.0" encoding="UTF-8"?>
<testng-results ignored="0" total="1" passed="1" failed="0" skipped="0">
  <reporter-output>
  </reporter-output>
  <suite started-at="2025-04-29T11:35:55 IST" name="Surefire suite" finished-at="2025-04-29T11:35:58 IST" duration-ms="2812">
    <groups>
    </groups>
    <test started-at="2025-04-29T11:35:55 IST" name="Surefire test" finished-at="2025-04-29T11:35:58 IST" duration-ms="2812">
      <class name="tests.selenium.SeleniumTest">
        <test-method signature="openGoogleTest()[pri:0, instance:tests.selenium.SeleniumTest@1ad282e0]" started-at="2025-04-29T11:35:55 IST" name="openGoogleTest" finished-at="2025-04-29T11:35:58 IST" duration-ms="2799" status="PASS">
          <reporter-output>
          </reporter-output>
        </test-method> <!-- openGoogleTest -->
      </class> <!-- tests.selenium.SeleniumTest -->
    </test> <!-- Surefire test -->
  </suite> <!-- Surefire suite -->
</testng-results>
